### ISSUE TITLE
[Bug] RP2040 keyboard can't work on thinkpad T420, T440

### ISSUE THREAD

**Issue by moyi4681** [qmk/qmk_firmware#19593]
### Describe the Bug

hardware:pico raspberry
firmware: handwired/onekey/rp2040
reboot or boot from shutdown ,can't recognize the keyboard.

### Keyboard Used

handwiared/onekey/rp2040

### Operating System

windows11

### qmk doctor Output

```text
QMK Doctor is checking your environment.
Ψ CLI version: 1.1.0
Ψ QMK home: /home/dztech/桌面/1_9/qmk_firmware
Ψ Detected Linux.
Ψ Git branch: master
Ψ Repo version: 0.19.6
⚠ Git has unstashed/uncommitted changes.
⚠ The official repository does not seem to be configured as git remote "upstream".
Ψ All dependencies are installed.
Ψ Found arm-none-eabi-gcc version 9.2.1
Ψ Found avr-gcc version 5.4.0
Ψ Found avrdude version 6.3-20171130
Ψ Found dfu-util version 0.9
Ψ Found dfu-programmer version 0.6.1
Ψ Submodules are up to date.
Ψ Submodule status:
Ψ - lib/chibios: 2022-09-18 10:01:17 +0000 --  (0e9d558b5)
Ψ - lib/chibios-contrib: 2022-10-03 18:09:41 +0200 --  (bb8356fb)
Ψ - lib/googletest: 2021-06-11 06:37:43 -0700 --  (e2239ee6)
Ψ - lib/lufa: 2022-08-26 12:09:55 +1000 --  (549b97320)
Ψ - lib/pico-sdk: 2022-09-19 18:02:44 +0200 --  (8d56ea3)
Ψ - lib/printf: 2022-06-29 23:59:58 +0300 --  (c2e3b4e)
Ψ - lib/vusb: 2022-06-13 09:18:17 +1000 --  (819dbc1)
Ψ QMK is ready to go, but minor problems were found
```

### Is AutoHotKey / Karabiner installed

- [ ] AutoHotKey (Windows)
- [ ] Karabiner (macOS)

**Comment by moyi4681** [comment]
also tested with other rp2040 keyboard, same issue

**Comment by Jpe230** [comment]
Exactly what I'm experiencing but with newers ThinkPads (E14 and E15), the keyboards work fine with my Desktop PC (Intel + Asus MoBo), my Macs (Intel or M1) and my personal laptops from other vendors.

**Comment by KarlK90** [comment]
I guess I have to bring out my USB analyzer once more.

**Comment by Jpe230** [comment]
Worth mentioning that I have tried enabling and disabling `NO_USB_STARTUP_CHECK`, the board works fine when hotplugging once a OS is running but the moment it enters to the bios or boot menu the board hangs, only way to fix is to physically resetting the board, trying to reboot the board with a keycode doesn't work.

 With my MacBooks, the keyboard momentarily hangs (the RGB and OLED animations stop) but once macOS has booted it works just fine.

**Comment by skeletonkbd** [comment]
I am probably having the same problem with my keyboard.

It works fine after writing the firmware in BOOTSEL mode. But once I unplug the USB cable and plug it back in or reboot the PC, it does not respond to keystrokes and the LEDs do not light up.

When I use `NO_USB_STARTUP_CHECK`, it works properly. However, the LEDs light up when PC is off or suspended. Therefore, I am looking for other solutions.

It may be due to my schematics or electronic components.

**Comment by pylbrecht** [comment]
I'm having this exact issue with my [Scylla](https://bastardkb.com/scylla/) with a [Splinky v3](https://github.com/Bastardkb/Splinky).

Tested on a T480 (Arch Linux) and a P14s G2 (Windows 11). Both not detected on boot.
No issue on Mac: it is detected after boot.

**Comment by ntzm** [comment]
I also experience this on a Thinkpad X1 9th gen

**Comment by sunaku** [comment]
I have the same problem on a Thinkpad T14 Gen 2 (AMD) laptop.  See also https://github.com/qmk/qmk_firmware/issues/18511#issuecomment-1480701851

**Comment by sarunas-stasaitis** [comment]
Same problem on Tkinkpad L16 Gen2 (AMD)

**Comment by YCF** [comment]
Same problem on Thinkpad t480s.

**Comment by george-norton** [comment]
A while ago @KarlK90 talked me through collecting some info from a Pico hooked up to GDB through the SWD interface, but the results are buried on a discord server. Here are the results:

```
(gdb) p/x $lr
$1 = 0x100002cb
(gdb) p/x $lr&(1<<2)
$2 = 0x0
(gdb) p/a *(uint32_t[8] *)$msp
$3 = {0x2000263c <USBD1>, 0x1, 0xc4007a, 0x20002648 <USBD1+12>, 0x4001c000, 0x1000aa59 <usbDisableEndpointsI+98>, 0x1000c1f6 <usb_lld_disable_endpoints+18>, 0x41000015}

700    void usb_lld_disable_endpoints(USBDriver *usbp) {
   0x1000c1e4 <+0>:    push    {r4, r5, r6, lr}

701      /* Ignore zero */
702      for (uint8_t ep = 1; ep <= USB_ENDOPOINTS_NUMBER; ep++) {
   0x1000c1e6 <+2>:    movs    r1, #1
   0x1000c1e8 <+4>:    b.n    0x1000c232 <usb_lld_disable_endpoints+78>

703        usbp->epc[ep]->in_state->active = false;
   0x1000c1ea <+6>:    adds    r3, r1, #2
   0x1000c1ec <+8>:    lsls    r3, r3, #2
   0x1000c1ee <+10>:    adds    r3, r0, r3
   0x1000c1f0 <+12>:    ldr    r2, [r3, #4]
   0x1000c1f2 <+14>:    ldr    r2, [r2, #20]
   0x1000c1f4 <+16>:    movs    r5, #0
   **0x1000c1f6 <+18>:    strb    r5, [r2, #20]**

704        usbp->epc[ep]->in_state->stalled = false;
   0x1000c1f8 <+20>:    ldr    r2, [r3, #4]
   0x1000c1fa <+22>:    ldr    r2, [r2, #20]
   0x1000c1fc <+24>:    strb    r5, [r2, #21]

info reg
r0             0x2000263c    536880700
r1             0x1    1
r2             0xc4007a    12845178
r3             0x20002648    536880712
r4             0x10    16
r5             0x0    0
r6             0xfffffffd    4294967293
r7             0x20040b88    537136008
r8             0xffffffff    4294967295
r9             0x1    1
r10            0xffffffff    4294967295
r11            0xffffffff    4294967295
r12            0x4001c000    1073856512
sp             0x20040388    0x20040388
lr             0x100002cb    268436171
pc             0x100002ca    0x100002ca <_unhandled_exception>
cpsr           0x41000003    1090519043

p USBD1
$2 = {state = USB_ACTIVE, config = 0x1000e6e8 <usbcfg>, transmitting = 0, receiving = 0, epc = {0x1000eb54 <ep0config>, 0x0 <repeats 15 times>}, in_params = {
    0x0 <repeats 15 times>}, out_params = {0x0 <repeats 15 times>}, ep0state = USB_EP0_STP_WAITING, ep0next = 0x0, ep0n = 0, ep0endcb = 0x0, setup = "\000\t\001\000\000\000\000", 
  status = 0, address = 1 '\001', configuration = 1 '\001', saved_state = USB_READY, noffset = 256}
```

So it looks to me like the epc array is not initialized, only EP0 is present.  But `usb_lld_disable_endpoints` is looping over the Endpoints starting at 1 and it takes an exception setting endpoint 1's active flag to false.

**Comment by thomasbaart** [comment]
One customer reported having the same issue while using a Liatris microcontroller, which is also on RP2040. I have no diagnostics on it yet as I'm unable to reproduce it myself (don't have the requisite hardware nor tools), so I'm just adding this data point.

**Comment by KarlK90** [comment]
Alright, the reason for this hardfault (thanks @george-norton!) is pretty clear. And I've posted a fix in this PR https://github.com/ChibiOS/ChibiOS-Contrib/pull/375 along with an explanation. Please test if this fixes your problems.

**Comment by KarlK90** [comment]
QMK already picked up these changes in the `develop` branch, so testing is even easier. Just switch/rebase/pull this branch and update the submodules `qmk git-submodule` and a fresh compile has the latest fixes.

**Comment by angaz** [comment]
@KarlK90 I can confirm, my keyboard works now in the BIOS. Seems like it's working now as expected. Thanks! Would you be able to update us when it gets merged into master? How would I follow that?

**Comment by george-norton** [comment]
@KarlK90 I stuck a build on my Kyria with KB2040`s and I am seeing a little oddness, but I am not sure it is related. Overall, the behavior seems better.

Previously when booting the laptop the OLED would begin redrawing then then just hang as the keyboard took a fault.

Now the keyboard does not hang, the OLED draws correctly, the OLED state updates as expected when pressing modifier keys, but I cannot use the keyboard to enter my bitlocker password or access the BIOS. It doesn't seem to receive any keypresses, resetting/replugging the keyboard also doesn't fix it. Once windows is booted, they keyboard works normally. This might be some weirdness due to the lack of VBUS detection (I am using SPLIT_USB_DETECT).

**Comment by KarlK90** [comment]
> @KarlK90 I can confirm, my keyboard works now in the BIOS. Seems like it's working now as expected. Thanks! Would you be able to update us when it gets merged into master? How would I follow that?

Next breaking changes merge from `develop` to `master` is on 27th of August. QMK usually announces this on the official Discord and the OLKB reddit. Other information can be found here https://github.com/qmk/qmk_firmware/blob/master/docs/breaking_changes.md

**Comment by KarlK90** [comment]
@george-norton that is at least some progress. It might be that bitlocker isn't compatible with nkro if you have forced this to be active. For split detection I also recommend switching to the watchdog implementation for connection detection, either by defining `SPLIT_WATCHDOG_ENABLE` in `config.h` or setting `split.transport.watchdog` to true in your `info.json`

**Comment by pylbrecht** [comment]
> QMK already picked up these changes in the `develop` branch, so testing is even easier. Just switch/rebase/pull to this branch and update the submodules `qmk git-submodule` and a fresh compile has the latest fixes.

Can confirm that this fixes the issue on my Thinkpad X1 Carbon. Thanks a ton @KarlK90!

**Comment by Vivero** [comment]
> QMK already picked up these changes in the `develop` branch, so testing is even easier. Just switch/rebase/pull to this branch and update the submodules `qmk git-submodule` and a fresh compile has the latest fixes.

Thanks so much for this, also confirming here that this fixes the issue with my ThinkPad P14s. I have a KBDFans TET keyboard that wouldn't work on bootup (at the bitlocker screen), and would also become unresponsive after waking the laptop from sleep.

**Comment by kwmlodozeniec** [comment]
Same issue with ThinkPad P15 Gen 1 running Linux. After reboot or sleep I need to reset the board for it to work.

**Comment by juru1234** [comment]
> Same issue with ThinkPad P15 Gen 1 running Linux. After reboot or sleep I need to reset the board for it to work.

Same here with ThinkPad T15 and a with a Lenovo ThinkCentre M720 Tiny. Tried the `develop` branch but it doesn't fix the problem for me.

**Comment by qhga** [comment]
I got the same / a similar issue with my own handwired build. I previously used elite-c controllers for my build but made a new revision with a rp2040 based controller (Pro Micro RP2040). I do **not** use `SPLIT_USB_DETECT` but rather `EE_HANDS` with the respective flashing commands `make snappy/rev3_5:default:uf2-split-left` (and right). The keyboard works fine when connected to my computer after it has already booted into GNU/Linux (NixOS). I can conneced and disconnect it as many times without any problems. The problem only happens with the following steps:

1. I shutdown my computer
2. The keyboard stays connected via USB-A to USB-C Cable (USB power delivery is **not** enabled)
3. I power up my computer with the keyboard connected

Now the keyboard behaves the same as if I would connect it to a power bank or USB charger. The OLED displays on both halves  render the logo as if they were the "secondary" half (Logo displayed centered).

Similarly, this happens with my Lenovo T480 laptop.

Additionally, when I unplug the keyboard an reconnect it, **sometimes** it does not work and the main half seems to boot nothing (OLED does not display anything, second half shows logo centered, input via keyboard is not possible). If I repeat the unplug and ceconnect, everything starts to work as intended.

When I unplug/reconnect the keyboard, it starts working and I can use it to get into the BIOS, navigate the BIOS or the bootloader and use it as normal after a successful boot.

This also does **not** happen on reboots (with the `reboot` command under linux). At least during my testing.

The older revision with the elite-c does not have this issue. I tested the same scenarios with both connected simultaneously and the elite-c version worked as expected.

Any help would be very appreciated. I can provide further information. Show the schematics. Hop onto a discord/mumble/jitsi call, etc. @KarlK90?

Thanks in advance.

**Comment by johannesneyer** [comment]
> I do **not** use `SPLIT_USB_DETECT` but rather `EE_HANDS` with the respective flashing commands `make snappy/rev3_5:default:uf2-split-left` (and right). The keyboard works fine when connected to my computer after it has already booted into GNU/Linux (NixOS). I can conneced and disconnect it as many times without any problems. The problem only happens with the following steps:
> 
>     1. I shutdown my computer
> 
>     2. The keyboard stays connected via USB-A to USB-C Cable (USB power delivery is **not** enabled)
> 
>     3. I power up my computer with the keyboard connected

I have the exact same issue with [my RP2040-zero based custom split](https://git.sr.ht/~pinsl/split-keyboard). It seems to be related to split keyboards as this problem is fixed when I set `split.enabled` to `false` in my `info.json` (but then only one half works of course...).

**Comment by qhga** [comment]
> > I do **not** use `SPLIT_USB_DETECT`
> 
> [Yes, you do](https://docs.qmk.fm/#/feature_split_keyboard?id=hardware-considerations-and-mods):
> 
> > Because it is common that ARM boards lack VBUS detection, `SPLIT_USB_DETECT` is automatically defined on ARM targets (technically when ChibiOS is targetted).
> 
> RP2040 is an ARM target.
> 
> To hopefully clarify, `SPLIT_USB_DETECT` and `EE_HANDS` are not alternatives to one another. The former is used to determine which half is plugged into the host—this is the "master" half—and the latter is used to determine which half is left—a.k.a. handedness.
> 
> The symptoms you describe with the OLEDs indicate your keyboard cannot figure out which half is master, which may be [solvable in firmware by setting `SPLIT_WATCHDOG_ENABLE` and/or increasing `SPLIT_USB_TIMEOUT`](https://docs.qmk.fm/#/feature_split_keyboard?id=hardware-configuration-options).
> 
> Another option would be to modify the hardware so you can set a VBUS pin. The easiest way to accomplish this would be to replace your Sparkfun dev boards with alternatives which already incorporate this feature, i.e. [those which utilize the Community Edition pinout](https://docs.qmk.fm/#/feature_converters?id=rp2040_ce).
> 
> Long story short: neither of your problems with splits are related to the hardfault uncovered by this issue (and subsequently patched).

Thanks for the quick reply. After reading some issues I thought I "disable" it by using `#undef  SPLIT_USB_DETECT` to make sure this is not the culprit, but this seems to be not the case. I'll read through the docs you provided and report back.

**Comment by qhga** [comment]
> The symptoms you describe with the OLEDs indicate your keyboard cannot figure out which half is master, which may be [solvable in firmware by setting `SPLIT_WATCHDOG_ENABLE` and/or increasing `SPLIT_USB_TIMEOUT`](https://docs.qmk.fm/#/feature_split_keyboard?id=hardware-configuration-options).

I can confirm that the `SPLIT_WATCHDOG_ENABLE` option worked like a charm! Thanks again for the super quick answer!!!

Note: For future readers, make sure to flash the firmware with the watchdog option onto both halves. Otherwise it won't work correctly, till it is running on both halves. (So make sure to have a reset option for both individual halves)

**Comment by johannesneyer** [comment]
Oh great, `SPLIT_WATCHDOG_ENABLE` works. I have been plugging my keyboard out and back in again for about a year now...

**Comment by juru1234** [comment]
My solution was switching to KMK instead of using QMK. But I hope this will be fixed soon.

**Comment by KarlK90** [comment]
> I use `SPLIT_WATCHDOG_ENABLE` and still get the issue of the keyboard needing a reset after laptop wakes up from sleep.

If you are not using the current `develop` branch, please try it out as PR https://github.com/qmk/qmk_firmware/pull/21656 was merged and revamps the USB handling of ARM based boards - intended to fix issues with resume from suspend among others.

**Comment by KarlK90** [comment]
@juru1234 @kwmlodozeniec pinging again as I'm not sure if pings added in edits are propagated.

**Comment by kwmlodozeniec** [comment]
@KarlK90 I have since switched to using Vial, which also has this issue, and no longer have a lenovo laptop to even test it out.

**Comment by juru1234** [comment]
@KarlK90 I tried it again with the current master (I think your patches are merged now) and the problem still exists on my ThinkPad T15 Gen2. I'm not able to to enter my LUKS password when booting. I have to unplug the keyboard and plug it in again to enter the password.

**Comment by KarlK90** [comment]
@juru1234 Do you happen to use a split keyboard - if so please try enabling the [split watchdog feature](https://docs.qmk.fm/feature_split_keyboard#hardware-configuration-options) (don't forget to flash both sides).

**Comment by juru1234** [comment]
@KarlK90 Yes, I'm using a Corne v3 Split Keyboard with RP2040. I use the default layout and defined SPLIT_WATCHDOG_ENABLE in `keyboards/crkbd/keymaps/default/config.h`. Flashed it on both sides and I still have the same problem with a T460 with Windows and a T15 with Linux.
